Filename                                                                                                        Regions    Missed Regions     Cover   Functions  Missed Functions  Executed       Lines      Missed Lines     Cover    Branches   Missed Branches     Cover
---------------------------------------------------------------------------------------------------------------------------------------------------------------------------------------------------------------------------------------------------------------------------------------------------------------------
/root/.cargo/git/checkouts/ckb-vm-fc7c7f46045698fd/f92ccf7/definitions/src/asm.rs                                     8                 1    87.50%           3                 0   100.00%          36                 1    97.22%           0                 0         -
/root/.cargo/git/checkouts/ckb-vm-fc7c7f46045698fd/f92ccf7/definitions/src/instructions.rs                            1                 1     0.00%           1                 1     0.00%           3                 3     0.00%           0                 0         -
/root/.cargo/git/checkouts/ckb-vm-fc7c7f46045698fd/f92ccf7/src/bits.rs                                                6                 0   100.00%           2                 0   100.00%           8                 0   100.00%           0                 0         -
/root/.cargo/git/checkouts/ckb-vm-fc7c7f46045698fd/f92ccf7/src/decoder.rs                                           254               189    25.59%          10                 0   100.00%         407               309    24.08%           0                 0         -
/root/.cargo/git/checkouts/ckb-vm-fc7c7f46045698fd/f92ccf7/src/error.rs                                               2                 2     0.00%           2                 2     0.00%           4                 4     0.00%           0                 0         -
/root/.cargo/git/checkouts/ckb-vm-fc7c7f46045698fd/f92ccf7/src/instructions/ast.rs                                  124               124     0.00%          60                60     0.00%         284               284     0.00%           0                 0         -
/root/.cargo/git/checkouts/ckb-vm-fc7c7f46045698fd/f92ccf7/src/instructions/b.rs                                      4                 4     0.00%           4                 4     0.00%          31                31     0.00%           0                 0         -
/root/.cargo/git/checkouts/ckb-vm-fc7c7f46045698fd/f92ccf7/src/instructions/common.rs                                95                95     0.00%          31                31     0.00%         324               324     0.00%           0                 0         -
/root/.cargo/git/checkouts/ckb-vm-fc7c7f46045698fd/f92ccf7/src/instructions/execute.rs                                4                 4     0.00%           1                 1     0.00%          10                10     0.00%           0                 0         -
/root/.cargo/git/checkouts/ckb-vm-fc7c7f46045698fd/f92ccf7/src/instructions/i.rs                                    133                65    51.13%          18                 9    50.00%         248                96    61.29%           0                 0         -
/root/.cargo/git/checkouts/ckb-vm-fc7c7f46045698fd/f92ccf7/src/instructions/m.rs                                     30                30     0.00%           2                 2     0.00%          42                42     0.00%           0                 0         -
/root/.cargo/git/checkouts/ckb-vm-fc7c7f46045698fd/f92ccf7/src/instructions/mod.rs                                   51                31    39.22%          48                31    35.42%         191                86    54.97%           0                 0         -
/root/.cargo/git/checkouts/ckb-vm-fc7c7f46045698fd/f92ccf7/src/instructions/register.rs                             207               203     1.93%         101                97     3.96%         455               443     2.64%           0                 0         -
/root/.cargo/git/checkouts/ckb-vm-fc7c7f46045698fd/f92ccf7/src/instructions/rvc.rs                                  121                54    55.37%          13                 1    92.31%         320                99    69.06%           0                 0         -
/root/.cargo/git/checkouts/ckb-vm-fc7c7f46045698fd/f92ccf7/src/instructions/utils.rs                                 17                 4    76.47%          14                 1    92.86%          58                13    77.59%           0                 0         -
/root/.cargo/git/checkouts/ckb-vm-fc7c7f46045698fd/f92ccf7/src/machine/aot/emitter.rs                               199               199     0.00%          21                21     0.00%         268               268     0.00%           0                 0         -
/root/.cargo/git/checkouts/ckb-vm-fc7c7f46045698fd/f92ccf7/src/machine/aot/mod.rs                                   330               330     0.00%          82                82     0.00%         572               572     0.00%           0                 0         -
/root/.cargo/git/checkouts/ckb-vm-fc7c7f46045698fd/f92ccf7/src/machine/asm/mod.rs                                   264               119    54.92%          45                11    75.56%         431               149    65.43%           0                 0         -
/root/.cargo/git/checkouts/ckb-vm-fc7c7f46045698fd/f92ccf7/src/machine/elf_adaptor.rs                                15                 5    66.67%           5                 3    40.00%          65                42    35.38%           0                 0         -
/root/.cargo/git/checkouts/ckb-vm-fc7c7f46045698fd/f92ccf7/src/machine/mod.rs                                       241               154    36.10%          66                40    39.39%         414               220    46.86%           0                 0         -
/root/.cargo/git/checkouts/ckb-vm-fc7c7f46045698fd/f92ccf7/src/machine/trace.rs                                       1                 1     0.00%           1                 1     0.00%           1                 1     0.00%           0                 0         -
/root/.cargo/git/checkouts/ckb-vm-fc7c7f46045698fd/f92ccf7/src/memory/flat.rs                                       134               134     0.00%          21                21     0.00%         144               144     0.00%           0                 0         -
/root/.cargo/git/checkouts/ckb-vm-fc7c7f46045698fd/f92ccf7/src/memory/mod.rs                                         46                26    43.48%           7                 2    71.43%          66                22    66.67%           0                 0         -
/root/.cargo/git/checkouts/ckb-vm-fc7c7f46045698fd/f92ccf7/src/snapshot.rs                                           43                43     0.00%           5                 5     0.00%          54                54     0.00%           0                 0         -
/root/.cargo/registry/src/github.com-1ecc6299db9ec823/adler-1.0.2/src/algo.rs                                        37                37     0.00%           6                 6     0.00%         122               122     0.00%           0                 0         -
/root/.cargo/registry/src/github.com-1ecc6299db9ec823/adler-1.0.2/src/lib.rs                                         10                10     0.00%          10                10     0.00%          31                31     0.00%           0                 0         -
/root/.cargo/registry/src/github.com-1ecc6299db9ec823/anyhow-1.0.43/src/backtrace.rs                                  2                 2     0.00%           2                 2     0.00%           5                 5     0.00%           0                 0         -
/root/.cargo/registry/src/github.com-1ecc6299db9ec823/anyhow-1.0.43/src/chain.rs                                     29                29     0.00%           7                 7     0.00%          50                50     0.00%           0                 0         -
/root/.cargo/registry/src/github.com-1ecc6299db9ec823/anyhow-1.0.43/src/context.rs                                   32                32     0.00%          18                18     0.00%          72                72     0.00%           0                 0         -
/root/.cargo/registry/src/github.com-1ecc6299db9ec823/anyhow-1.0.43/src/error.rs                                     87                87     0.00%          47                47     0.00%         456               456     0.00%           0                 0         -
/root/.cargo/registry/src/github.com-1ecc6299db9ec823/anyhow-1.0.43/src/fmt.rs                                       64                64     0.00%           3                 3     0.00%          55                55     0.00%           0                 0         -
/root/.cargo/registry/src/github.com-1ecc6299db9ec823/anyhow-1.0.43/src/kind.rs                                       9                 9     0.00%           6                 6     0.00%          25                25     0.00%           0                 0         -
/root/.cargo/registry/src/github.com-1ecc6299db9ec823/anyhow-1.0.43/src/lib.rs                                        2                 2     0.00%           2                 2     0.00%           7                 7     0.00%           0                 0         -
/root/.cargo/registry/src/github.com-1ecc6299db9ec823/anyhow-1.0.43/src/ptr.rs                                       19                19     0.00%          19                19     0.00%          88                88     0.00%           0                 0         -
/root/.cargo/registry/src/github.com-1ecc6299db9ec823/anyhow-1.0.43/src/wrapper.rs                                    8                 8     0.00%           8                 8     0.00%          24                24     0.00%           0                 0         -
/root/.cargo/registry/src/github.com-1ecc6299db9ec823/arbitrary-1.0.1/src/error.rs                                    6                 6     0.00%           2                 2     0.00%          16                16     0.00%           0                 0         -
/root/.cargo/registry/src/github.com-1ecc6299db9ec823/arbitrary-1.0.1/src/lib.rs                                    278               267     3.96%         126               118     6.35%         445               420     5.62%           0                 0         -
/root/.cargo/registry/src/github.com-1ecc6299db9ec823/arbitrary-1.0.1/src/size_hint.rs                               20                12    40.00%           9                 5    44.44%          32                15    53.12%           0                 0         -
/root/.cargo/registry/src/github.com-1ecc6299db9ec823/arbitrary-1.0.1/src/unstructured.rs                            92                80    13.04%          24                19    20.83%         188               158    15.96%           0                 0         -
/root/.cargo/registry/src/github.com-1ecc6299db9ec823/bit-vec-0.5.1/src/lib.rs                                      226               226     0.00%          82                82     0.00%         388               388     0.00%           0                 0         -
/root/.cargo/registry/src/github.com-1ecc6299db9ec823/bitflags-1.3.2/src/lib.rs                                      81                81     0.00%          41                41     0.00%         186               186     0.00%           0                 0         -
/root/.cargo/registry/src/github.com-1ecc6299db9ec823/blake2b-rs-0.1.5/src/binding.rs                                 7                 7     0.00%           7                 7     0.00%           7                 7     0.00%           0                 0         -
/root/.cargo/registry/src/github.com-1ecc6299db9ec823/blake2b-rs-0.1.5/src/blake2b.rs                                18                 6    66.67%           8                 3    62.50%         105                32    69.52%           0                 0         -
/root/.cargo/registry/src/github.com-1ecc6299db9ec823/byteorder-1.4.3/src/io.rs                                       9                 9     0.00%           3                 3     0.00%          15                15     0.00%           0                 0         -
/root/.cargo/registry/src/github.com-1ecc6299db9ec823/byteorder-1.4.3/src/lib.rs                                     11                 7    36.36%           7                 4    42.86%          21                12    42.86%           0                 0         -
/root/.cargo/registry/src/github.com-1ecc6299db9ec823/bytes-1.0.1/src/buf/buf_impl.rs                               123               123     0.00%          81                81     0.00%         271               271     0.00%           0                 0         -
/root/.cargo/registry/src/github.com-1ecc6299db9ec823/bytes-1.0.1/src/buf/buf_mut.rs                                 74                74     0.00%          59                59     0.00%         255               255     0.00%           0                 0         -
/root/.cargo/registry/src/github.com-1ecc6299db9ec823/bytes-1.0.1/src/buf/iter.rs                                    10                10     0.00%           7                 7     0.00%          27                27     0.00%           0                 0         -
/root/.cargo/registry/src/github.com-1ecc6299db9ec823/bytes-1.0.1/src/buf/limit.rs                                   11                11     0.00%          10                10     0.00%          32                32     0.00%           0                 0         -
/root/.cargo/registry/src/github.com-1ecc6299db9ec823/bytes-1.0.1/src/buf/reader.rs                                   8                 8     0.00%           8                 8     0.00%          25                25     0.00%           0                 0         -
/root/.cargo/registry/src/github.com-1ecc6299db9ec823/bytes-1.0.1/src/buf/take.rs                                    11                11     0.00%          10                10     0.00%          31                31     0.00%           0                 0         -
/root/.cargo/registry/src/github.com-1ecc6299db9ec823/bytes-1.0.1/src/buf/uninit_slice.rs                            10                10     0.00%           8                 8     0.00%          34                34     0.00%           0                 0         -
/root/.cargo/registry/src/github.com-1ecc6299db9ec823/bytes-1.0.1/src/buf/vec_deque.rs                                6                 6     0.00%           3                 3     0.00%          12                12     0.00%           0                 0         -
/root/.cargo/registry/src/github.com-1ecc6299db9ec823/bytes-1.0.1/src/buf/writer.rs                                   7                 7     0.00%           7                 7     0.00%          22                22     0.00%           0                 0         -
/root/.cargo/registry/src/github.com-1ecc6299db9ec823/bytes-1.0.1/src/bytes.rs                                      163               102    37.42%          75                50    33.33%         499               287    42.48%           0                 0         -
/root/.cargo/registry/src/github.com-1ecc6299db9ec823/bytes-1.0.1/src/bytes_mut.rs                                  201               201     0.00%          99                99     0.00%         629               629     0.00%           0                 0         -
/root/.cargo/registry/src/github.com-1ecc6299db9ec823/bytes-1.0.1/src/fmt/debug.rs                                   32                32     0.00%           3                 3     0.00%          24                24     0.00%           0                 0         -
/root/.cargo/registry/src/github.com-1ecc6299db9ec823/bytes-1.0.1/src/fmt/hex.rs                                     15                15     0.00%           3                 3     0.00%          13                13     0.00%           0                 0         -
/root/.cargo/registry/src/github.com-1ecc6299db9ec823/bytes-1.0.1/src/lib.rs                                          1                 1     0.00%           1                 1     0.00%          18                18     0.00%           0                 0         -
/root/.cargo/registry/src/github.com-1ecc6299db9ec823/bytes-1.0.1/src/loom.rs                                         1                 0   100.00%           1                 0   100.00%           6                 0   100.00%           0                 0         -
/root/.cargo/registry/src/github.com-1ecc6299db9ec823/bytes-1.0.1/src/serde.rs                                       14                14     0.00%           8                 8     0.00%          50                50     0.00%           0                 0         -
/root/.cargo/registry/src/github.com-1ecc6299db9ec823/crc32fast-1.2.1/src/baseline.rs                                17                17     0.00%           8                 8     0.00%          50                50     0.00%           0                 0         -
/root/.cargo/registry/src/github.com-1ecc6299db9ec823/crc32fast-1.2.1/src/combine.rs                                 28                28     0.00%           3                 3     0.00%          64                64     0.00%           0                 0         -
/root/.cargo/registry/src/github.com-1ecc6299db9ec823/crc32fast-1.2.1/src/lib.rs                                     33                33     0.00%          15                15     0.00%          60                60     0.00%           0                 0         -
/root/.cargo/registry/src/github.com-1ecc6299db9ec823/crc32fast-1.2.1/src/specialized/pclmulqdq.rs                   36                36     0.00%          10                10     0.00%         137               137     0.00%           0                 0         -
/root/.cargo/registry/src/github.com-1ecc6299db9ec823/eaglesong-0.1.0/src/eaglesong.rs                               51                51     0.00%           4                 4     0.00%         365               365     0.00%           0                 0         -
/root/.cargo/registry/src/github.com-1ecc6299db9ec823/eaglesong-0.1.0/src/lib.rs                                      5                 5     0.00%           5                 5     0.00%          27                27     0.00%           0                 0         -
/root/.cargo/registry/src/github.com-1ecc6299db9ec823/faster-hex-0.6.0/src/decode.rs                                 39                39     0.00%          10                10     0.00%         126               126     0.00%           0                 0         -
/root/.cargo/registry/src/github.com-1ecc6299db9ec823/faster-hex-0.6.0/src/encode.rs                                 28                28     0.00%           8                 8     0.00%         110               110     0.00%           0                 0         -
/root/.cargo/registry/src/github.com-1ecc6299db9ec823/faster-hex-0.6.0/src/error.rs                                  10                10     0.00%           4                 4     0.00%          14                14     0.00%           0                 0         -
/root/.cargo/registry/src/github.com-1ecc6299db9ec823/flate2-1.0.20/src/crc.rs                                       41                41     0.00%          26                26     0.00%          91                91     0.00%           0                 0         -
/root/.cargo/registry/src/github.com-1ecc6299db9ec823/flate2-1.0.20/src/deflate/bufread.rs                            5                 5     0.00%           5                 5     0.00%          18                18     0.00%           0                 0         -
/root/.cargo/registry/src/github.com-1ecc6299db9ec823/flate2-1.0.20/src/ffi/rust.rs                                  34                34     0.00%          13                13     0.00%         103               103     0.00%           0                 0         -
/root/.cargo/registry/src/github.com-1ecc6299db9ec823/flate2-1.0.20/src/gz/bufread.rs                               188               188     0.00%          43                43     0.00%         332               332     0.00%           0                 0         -
/root/.cargo/registry/src/github.com-1ecc6299db9ec823/flate2-1.0.20/src/gz/mod.rs                                    49                49     0.00%          25                25     0.00%         118               118     0.00%           0                 0         -
/root/.cargo/registry/src/github.com-1ecc6299db9ec823/flate2-1.0.20/src/lib.rs                                       11                11     0.00%          11                11     0.00%          39                39     0.00%           0                 0         -
/root/.cargo/registry/src/github.com-1ecc6299db9ec823/flate2-1.0.20/src/mem.rs                                       28                28     0.00%          28                28     0.00%         116               116     0.00%           0                 0         -
/root/.cargo/registry/src/github.com-1ecc6299db9ec823/flate2-1.0.20/src/zio.rs                                      101               101     0.00%          29                29     0.00%         170               170     0.00%           0                 0         -
/root/.cargo/registry/src/github.com-1ecc6299db9ec823/getrandom-0.1.16/src/error.rs                                  52                52     0.00%          10                10     0.00%          66                66     0.00%           0                 0         -
/root/.cargo/registry/src/github.com-1ecc6299db9ec823/getrandom-0.1.16/src/error_impls.rs                            13                13     0.00%           2                 2     0.00%          12                12     0.00%           0                 0         -
/root/.cargo/registry/src/github.com-1ecc6299db9ec823/getrandom-0.1.16/src/lib.rs                                     4                 4     0.00%           1                 1     0.00%           6                 6     0.00%           0                 0         -
/root/.cargo/registry/src/github.com-1ecc6299db9ec823/getrandom-0.1.16/src/linux_android.rs                          14                14     0.00%           4                 4     0.00%          26                26     0.00%           0                 0         -
/root/.cargo/registry/src/github.com-1ecc6299db9ec823/getrandom-0.1.16/src/use_file.rs                               54                54     0.00%           9                 9     0.00%          69                69     0.00%           0                 0         -
/root/.cargo/registry/src/github.com-1ecc6299db9ec823/getrandom-0.1.16/src/util.rs                                    9                 9     0.00%           5                 5     0.00%          19                19     0.00%           0                 0         -
/root/.cargo/registry/src/github.com-1ecc6299db9ec823/getrandom-0.1.16/src/util_libc.rs                              24                24     0.00%           7                 7     0.00%          52                52     0.00%           0                 0         -
/root/.cargo/registry/src/github.com-1ecc6299db9ec823/goblin-0.2.3/src/archive/mod.rs                               234               234     0.00%          34                34     0.00%         277               277     0.00%           0                 0         -
/root/.cargo/registry/src/github.com-1ecc6299db9ec823/goblin-0.2.3/src/elf/compression_header.rs                     49                49     0.00%          24                24     0.00%         105               105     0.00%           0                 0         -
/root/.cargo/registry/src/github.com-1ecc6299db9ec823/goblin-0.2.3/src/elf/constants_header.rs                      180               180     0.00%           1                 1     0.00%         181               181     0.00%           0                 0         -
/root/.cargo/registry/src/github.com-1ecc6299db9ec823/goblin-0.2.3/src/elf/constants_relocation.rs                  493               493     0.00%           1                 1     0.00%         495               495     0.00%           0                 0         -
/root/.cargo/registry/src/github.com-1ecc6299db9ec823/goblin-0.2.3/src/elf/dynamic.rs                               243               243     0.00%          35                35     0.00%         367               367     0.00%           0                 0         -
/root/.cargo/registry/src/github.com-1ecc6299db9ec823/goblin-0.2.3/src/elf/gnu_hash.rs                               49                49     0.00%           8                 8     0.00%         118               118     0.00%           0                 0         -
/root/.cargo/registry/src/github.com-1ecc6299db9ec823/goblin-0.2.3/src/elf/header.rs                                188               188     0.00%          22                22     0.00%         274               274     0.00%           0                 0         -
/root/.cargo/registry/src/github.com-1ecc6299db9ec823/goblin-0.2.3/src/elf/mod.rs                                   179               179     0.00%          11                11     0.00%         209               209     0.00%           0                 0         -
/root/.cargo/registry/src/github.com-1ecc6299db9ec823/goblin-0.2.3/src/elf/note.rs                                   66                66     0.00%          21                21     0.00%          83                83     0.00%           0                 0         -
/root/.cargo/registry/src/github.com-1ecc6299db9ec823/goblin-0.2.3/src/elf/program_header.rs                         89                89     0.00%          33                33     0.00%         179               179     0.00%           0                 0         -
/root/.cargo/registry/src/github.com-1ecc6299db9ec823/goblin-0.2.3/src/elf/reloc.rs                                  96                96     0.00%          44                44     0.00%         205               205     0.00%           0                 0         -
/root/.cargo/registry/src/github.com-1ecc6299db9ec823/goblin-0.2.3/src/elf/section_header.rs                        131               131     0.00%          28                28     0.00%         231               231     0.00%           0                 0         -
/root/.cargo/registry/src/github.com-1ecc6299db9ec823/goblin-0.2.3/src/elf/sym.rs                                   132               132     0.00%          49                49     0.00%         257               257     0.00%           0                 0         -
/root/.cargo/registry/src/github.com-1ecc6299db9ec823/goblin-0.2.3/src/error.rs                                      14                14     0.00%           4                 4     0.00%          20                20     0.00%           0                 0         -
/root/.cargo/registry/src/github.com-1ecc6299db9ec823/goblin-0.2.3/src/lib.rs                                        60                60     0.00%          20                20     0.00%          82                82     0.00%           0                 0         -
/root/.cargo/registry/src/github.com-1ecc6299db9ec823/goblin-0.2.3/src/mach/bind_opcodes.rs                          16                16     0.00%           1                 1     0.00%          17                17     0.00%           0                 0         -
/root/.cargo/registry/src/github.com-1ecc6299db9ec823/goblin-0.2.3/src/mach/constants.rs                             10                10     0.00%           2                 2     0.00%          13                13     0.00%           0                 0         -
/root/.cargo/registry/src/github.com-1ecc6299db9ec823/goblin-0.2.3/src/mach/exports.rs                              118               118     0.00%          13                13     0.00%         162               162     0.00%           0                 0         -
/root/.cargo/registry/src/github.com-1ecc6299db9ec823/goblin-0.2.3/src/mach/fat.rs                                   29                29     0.00%          19                19     0.00%          58                58     0.00%           0                 0         -
/root/.cargo/registry/src/github.com-1ecc6299db9ec823/goblin-0.2.3/src/mach/header.rs                                71                71     0.00%          31                31     0.00%         148               148     0.00%           0                 0         -
/root/.cargo/registry/src/github.com-1ecc6299db9ec823/goblin-0.2.3/src/mach/imports.rs                               81                81     0.00%          11                11     0.00%         188               188     0.00%           0                 0         -
/root/.cargo/registry/src/github.com-1ecc6299db9ec823/goblin-0.2.3/src/mach/load_command.rs                         653               653     0.00%         255               255     0.00%         649               649     0.00%           0                 0         -
/root/.cargo/registry/src/github.com-1ecc6299db9ec823/goblin-0.2.3/src/mach/mod.rs                                  202               202     0.00%          24                24     0.00%         264               264     0.00%           0                 0         -
/root/.cargo/registry/src/github.com-1ecc6299db9ec823/goblin-0.2.3/src/mach/relocation.rs                            62                62     0.00%          15                15     0.00%          90                90     0.00%           0                 0         -
/root/.cargo/registry/src/github.com-1ecc6299db9ec823/goblin-0.2.3/src/mach/segment.rs                              115               115     0.00%          38                38     0.00%         323               323     0.00%           0                 0         -
/root/.cargo/registry/src/github.com-1ecc6299db9ec823/goblin-0.2.3/src/mach/symbols.rs                               98                98     0.00%          41                41     0.00%         209               209     0.00%           0                 0         -
/root/.cargo/registry/src/github.com-1ecc6299db9ec823/goblin-0.2.3/src/pe/characteristic.rs                           2                 2     0.00%           2                 2     0.00%           6                 6     0.00%           0                 0         -
/root/.cargo/registry/src/github.com-1ecc6299db9ec823/goblin-0.2.3/src/pe/data_directories.rs                        48                48     0.00%          27                27     0.00%          90                90     0.00%           0                 0         -
/root/.cargo/registry/src/github.com-1ecc6299db9ec823/goblin-0.2.3/src/pe/debug.rs                                   54                54     0.00%          18                18     0.00%          84                84     0.00%           0                 0         -
/root/.cargo/registry/src/github.com-1ecc6299db9ec823/goblin-0.2.3/src/pe/exception.rs                              251               251     0.00%          49                49     0.00%         360               360     0.00%           0                 0         -
/root/.cargo/registry/src/github.com-1ecc6299db9ec823/goblin-0.2.3/src/pe/export.rs                                 140               140     0.00%          25                25     0.00%         260               260     0.00%           0                 0         -
/root/.cargo/registry/src/github.com-1ecc6299db9ec823/goblin-0.2.3/src/pe/header.rs                                  70                70     0.00%          23                23     0.00%          85                85     0.00%           0                 0         -
/root/.cargo/registry/src/github.com-1ecc6299db9ec823/goblin-0.2.3/src/pe/import.rs                                 153               153     0.00%          28                28     0.00%         218               218     0.00%           0                 0         -
/root/.cargo/registry/src/github.com-1ecc6299db9ec823/goblin-0.2.3/src/pe/mod.rs                                     91                91     0.00%           5                 5     0.00%         124               124     0.00%           0                 0         -
/root/.cargo/registry/src/github.com-1ecc6299db9ec823/goblin-0.2.3/src/pe/optional_header.rs                         62                62     0.00%          30                30     0.00%         107               107     0.00%           0                 0         -
/root/.cargo/registry/src/github.com-1ecc6299db9ec823/goblin-0.2.3/src/pe/relocation.rs                              18                18     0.00%          10                10     0.00%          24                24     0.00%           0                 0         -
/root/.cargo/registry/src/github.com-1ecc6299db9ec823/goblin-0.2.3/src/pe/section_table.rs                          128               128     0.00%          14                14     0.00%         134               134     0.00%           0                 0         -
/root/.cargo/registry/src/github.com-1ecc6299db9ec823/goblin-0.2.3/src/pe/symbol.rs                                 103               103     0.00%          58                58     0.00%         139               139     0.00%           0                 0         -
/root/.cargo/registry/src/github.com-1ecc6299db9ec823/goblin-0.2.3/src/pe/utils.rs                                   42                42     0.00%          12                12     0.00%         105               105     0.00%           0                 0         -
/root/.cargo/registry/src/github.com-1ecc6299db9ec823/goblin-0.2.3/src/strtab.rs                                     27                27     0.00%          10                10     0.00%          74                74     0.00%           0                 0         -
/root/.cargo/registry/src/github.com-1ecc6299db9ec823/goblin-0.4.0/src/archive/mod.rs                               236               236     0.00%          36                36     0.00%         283               283     0.00%           0                 0         -
/root/.cargo/registry/src/github.com-1ecc6299db9ec823/goblin-0.4.0/src/elf/compression_header.rs                     49                49     0.00%          24                24     0.00%         105               105     0.00%           0                 0         -
/root/.cargo/registry/src/github.com-1ecc6299db9ec823/goblin-0.4.0/src/elf/constants_header.rs                      180               180     0.00%           1                 1     0.00%         181               181     0.00%           0                 0         -
/root/.cargo/registry/src/github.com-1ecc6299db9ec823/goblin-0.4.0/src/elf/constants_relocation.rs                  493               493     0.00%           1                 1     0.00%         495               495     0.00%           0                 0         -
/root/.cargo/registry/src/github.com-1ecc6299db9ec823/goblin-0.4.0/src/elf/dynamic.rs                               243               243     0.00%          35                35     0.00%         367               367     0.00%           0                 0         -
/root/.cargo/registry/src/github.com-1ecc6299db9ec823/goblin-0.4.0/src/elf/gnu_hash.rs                               49                49     0.00%           8                 8     0.00%         118               118     0.00%           0                 0         -
/root/.cargo/registry/src/github.com-1ecc6299db9ec823/goblin-0.4.0/src/elf/header.rs                                188               156    17.02%          22                16    27.27%         274               212    22.63%           0                 0         -
/root/.cargo/registry/src/github.com-1ecc6299db9ec823/goblin-0.4.0/src/elf/mod.rs                                   191               191     0.00%          14                14     0.00%         250               250     0.00%           0                 0         -
/root/.cargo/registry/src/github.com-1ecc6299db9ec823/goblin-0.4.0/src/elf/note.rs                                   69                69     0.00%          21                21     0.00%          85                85     0.00%           0                 0         -
/root/.cargo/registry/src/github.com-1ecc6299db9ec823/goblin-0.4.0/src/elf/program_header.rs                         91                70    23.08%          34                29    14.71%         180               142    21.11%           0                 0         -
/root/.cargo/registry/src/github.com-1ecc6299db9ec823/goblin-0.4.0/src/elf/reloc.rs                                  96                96     0.00%          44                44     0.00%         205               205     0.00%           0                 0         -
/root/.cargo/registry/src/github.com-1ecc6299db9ec823/goblin-0.4.0/src/elf/section_header.rs                        137               137     0.00%          28                28     0.00%         242               242     0.00%           0                 0         -
/root/.cargo/registry/src/github.com-1ecc6299db9ec823/goblin-0.4.0/src/elf/sym.rs                                   132               132     0.00%          49                49     0.00%         257               257     0.00%           0                 0         -
/root/.cargo/registry/src/github.com-1ecc6299db9ec823/goblin-0.4.0/src/error.rs                                      14                14     0.00%           4                 4     0.00%          20                20     0.00%           0                 0         -
/root/.cargo/registry/src/github.com-1ecc6299db9ec823/goblin-0.4.0/src/lib.rs                                        81                77     4.94%          24                21    12.50%         101                94     6.93%           0                 0         -
/root/.cargo/registry/src/github.com-1ecc6299db9ec823/goblin-0.4.0/src/mach/bind_opcodes.rs                          16                16     0.00%           1                 1     0.00%          17                17     0.00%           0                 0         -
/root/.cargo/registry/src/github.com-1ecc6299db9ec823/goblin-0.4.0/src/mach/constants.rs                             10                10     0.00%           2                 2     0.00%          13                13     0.00%           0                 0         -
/root/.cargo/registry/src/github.com-1ecc6299db9ec823/goblin-0.4.0/src/mach/exports.rs                              118               118     0.00%          13                13     0.00%         162               162     0.00%           0                 0         -
/root/.cargo/registry/src/github.com-1ecc6299db9ec823/goblin-0.4.0/src/mach/fat.rs                                   29                29     0.00%          19                19     0.00%          58                58     0.00%           0                 0         -
/root/.cargo/registry/src/github.com-1ecc6299db9ec823/goblin-0.4.0/src/mach/header.rs                                71                71     0.00%          31                31     0.00%         148               148     0.00%           0                 0         -
/root/.cargo/registry/src/github.com-1ecc6299db9ec823/goblin-0.4.0/src/mach/imports.rs                               81                81     0.00%          11                11     0.00%         188               188     0.00%           0                 0         -
/root/.cargo/registry/src/github.com-1ecc6299db9ec823/goblin-0.4.0/src/mach/load_command.rs                         688               688     0.00%         257               257     0.00%         687               687     0.00%           0                 0         -
/root/.cargo/registry/src/github.com-1ecc6299db9ec823/goblin-0.4.0/src/mach/mod.rs                                  207               207     0.00%          24                24     0.00%         269               269     0.00%           0                 0         -
/root/.cargo/registry/src/github.com-1ecc6299db9ec823/goblin-0.4.0/src/mach/relocation.rs                            62                62     0.00%          15                15     0.00%          90                90     0.00%           0                 0         -
/root/.cargo/registry/src/github.com-1ecc6299db9ec823/goblin-0.4.0/src/mach/segment.rs                              115               115     0.00%          38                38     0.00%         323               323     0.00%           0                 0         -
/root/.cargo/registry/src/github.com-1ecc6299db9ec823/goblin-0.4.0/src/mach/symbols.rs                               98                98     0.00%          41                41     0.00%         209               209     0.00%           0                 0         -
/root/.cargo/registry/src/github.com-1ecc6299db9ec823/goblin-0.4.0/src/pe/characteristic.rs                           2                 2     0.00%           2                 2     0.00%           6                 6     0.00%           0                 0         -
/root/.cargo/registry/src/github.com-1ecc6299db9ec823/goblin-0.4.0/src/pe/data_directories.rs                        48                48     0.00%          27                27     0.00%          90                90     0.00%           0                 0         -
/root/.cargo/registry/src/github.com-1ecc6299db9ec823/goblin-0.4.0/src/pe/debug.rs                                   62                62     0.00%          21                21     0.00%         119               119     0.00%           0                 0         -
/root/.cargo/registry/src/github.com-1ecc6299db9ec823/goblin-0.4.0/src/pe/exception.rs                              254               254     0.00%          52                52     0.00%         396               396     0.00%           0                 0         -
/root/.cargo/registry/src/github.com-1ecc6299db9ec823/goblin-0.4.0/src/pe/export.rs                                 142               142     0.00%          27                27     0.00%         299               299     0.00%           0                 0         -
/root/.cargo/registry/src/github.com-1ecc6299db9ec823/goblin-0.4.0/src/pe/header.rs                                  70                70     0.00%          23                23     0.00%          85                85     0.00%           0                 0         -
/root/.cargo/registry/src/github.com-1ecc6299db9ec823/goblin-0.4.0/src/pe/import.rs                                 156               156     0.00%          31                31     0.00%         283               283     0.00%           0                 0         -
/root/.cargo/registry/src/github.com-1ecc6299db9ec823/goblin-0.4.0/src/pe/mod.rs                                     92                92     0.00%           6                 6     0.00%         142               142     0.00%           0                 0         -
/root/.cargo/registry/src/github.com-1ecc6299db9ec823/goblin-0.4.0/src/pe/optional_header.rs                         62                62     0.00%          30                30     0.00%         107               107     0.00%           0                 0         -
/root/.cargo/registry/src/github.com-1ecc6299db9ec823/goblin-0.4.0/src/pe/options.rs                                  3                 3     0.00%           3                 3     0.00%           5                 5     0.00%           0                 0         -
/root/.cargo/registry/src/github.com-1ecc6299db9ec823/goblin-0.4.0/src/pe/relocation.rs                              18                18     0.00%          10                10     0.00%          24                24     0.00%           0                 0         -
/root/.cargo/registry/src/github.com-1ecc6299db9ec823/goblin-0.4.0/src/pe/section_table.rs                          128               128     0.00%          14                14     0.00%         134               134     0.00%           0                 0         -
/root/.cargo/registry/src/github.com-1ecc6299db9ec823/goblin-0.4.0/src/pe/symbol.rs                                 103               103     0.00%          58                58     0.00%         139               139     0.00%           0                 0         -
/root/.cargo/registry/src/github.com-1ecc6299db9ec823/goblin-0.4.0/src/pe/utils.rs                                   44                44     0.00%          13                13     0.00%         128               128     0.00%           0                 0         -
/root/.cargo/registry/src/github.com-1ecc6299db9ec823/goblin-0.4.0/src/strtab.rs                                     27                27     0.00%          10                10     0.00%          74                74     0.00%           0                 0         -
/root/.cargo/registry/src/github.com-1ecc6299db9ec823/includedir-0.6.0/src/lib.rs                                    38                38     0.00%          12                12     0.00%          56                56     0.00%           0                 0         -
/root/.cargo/registry/src/github.com-1ecc6299db9ec823/itoa-0.4.7/src/lib.rs                                          24                24     0.00%           4                 4     0.00%          64                64     0.00%           0                 0         -
/root/.cargo/registry/src/github.com-1ecc6299db9ec823/lazy_static-1.4.0/src/inline_lazy.rs                            7                 7     0.00%           2                 2     0.00%          18                18     0.00%           0                 0         -
/root/.cargo/registry/src/github.com-1ecc6299db9ec823/lazy_static-1.4.0/src/lib.rs                                    4                 4     0.00%           4                 4     0.00%          19                19     0.00%           0                 0         -
/root/.cargo/registry/src/github.com-1ecc6299db9ec823/libfuzzer-sys-0.4.2/src/lib.rs                                 32                13    59.38%           6                 2    66.67%          69                21    69.57%           0                 0         -
/root/.cargo/registry/src/github.com-1ecc6299db9ec823/log-0.4.14/src/lib.rs                                         178               178     0.00%         113               113     0.00%         402               402     0.00%           0                 0         -
/root/.cargo/registry/src/github.com-1ecc6299db9ec823/mapr-0.8.0/src/lib.rs                                          89                89     0.00%          43                43     0.00%         137               137     0.00%           0                 0         -
/root/.cargo/registry/src/github.com-1ecc6299db9ec823/mapr-0.8.0/src/unix.rs                                         86                86     0.00%          19                19     0.00%         167               167     0.00%           0                 0         -
/root/.cargo/registry/src/github.com-1ecc6299db9ec823/merkle-cbt-0.3.0/src/merkle_tree.rs                            14                 2    85.71%           1                 0   100.00%          20                 5    75.00%           0                 0         -
/root/.cargo/registry/src/github.com-1ecc6299db9ec823/miniz_oxide-0.4.4/src/deflate/buffer.rs                         4                 4     0.00%           4                 4     0.00%          18                18     0.00%           0                 0         -
/root/.cargo/registry/src/github.com-1ecc6299db9ec823/miniz_oxide-0.4.4/src/deflate/core.rs                         654               654     0.00%          85                85     0.00%        1522              1522     0.00%           0                 0         -
/root/.cargo/registry/src/github.com-1ecc6299db9ec823/miniz_oxide-0.4.4/src/deflate/mod.rs                           12                12     0.00%           5                 5     0.00%          37                37     0.00%           0                 0         -
/root/.cargo/registry/src/github.com-1ecc6299db9ec823/miniz_oxide-0.4.4/src/deflate/stream.rs                        26                26     0.00%           1                 1     0.00%          65                65     0.00%           0                 0         -
/root/.cargo/registry/src/github.com-1ecc6299db9ec823/miniz_oxide-0.4.4/src/inflate/core.rs                         266               266     0.00%          49                49     0.00%         644               644     0.00%           0                 0         -
/root/.cargo/registry/src/github.com-1ecc6299db9ec823/miniz_oxide-0.4.4/src/inflate/mod.rs                           27                27     0.00%           8                 8     0.00%          67                67     0.00%           0                 0         -
/root/.cargo/registry/src/github.com-1ecc6299db9ec823/miniz_oxide-0.4.4/src/inflate/output_buffer.rs                  8                 8     0.00%           8                 8     0.00%          27                27     0.00%           0                 0         -
/root/.cargo/registry/src/github.com-1ecc6299db9ec823/miniz_oxide-0.4.4/src/inflate/stream.rs                        68                68     0.00%          14                14     0.00%         205               205     0.00%           0                 0         -
/root/.cargo/registry/src/github.com-1ecc6299db9ec823/miniz_oxide-0.4.4/src/lib.rs                                   31                31     0.00%          18                18     0.00%          43                43     0.00%           0                 0         -
/root/.cargo/registry/src/github.com-1ecc6299db9ec823/miniz_oxide-0.4.4/src/shared.rs                                 1                 1     0.00%           1                 1     0.00%           5                 5     0.00%           0                 0         -
/root/.cargo/registry/src/github.com-1ecc6299db9ec823/molecule-0.7.2/src/error.rs                                     5                 5     0.00%           2                 2     0.00%           7                 7     0.00%           0                 0         -
/root/.cargo/registry/src/github.com-1ecc6299db9ec823/molecule-0.7.2/src/lib.rs                                       3                 1    66.67%           3                 1    66.67%          24                14    41.67%           0                 0         -
/root/.cargo/registry/src/github.com-1ecc6299db9ec823/molecule-0.7.2/src/prelude.rs                                   6                 3    50.00%           4                 2    50.00%           8                 4    50.00%           0                 0         -
/root/.cargo/registry/src/github.com-1ecc6299db9ec823/molecule-0.7.2/src/primitive.rs                                44                38    13.64%          35                29    17.14%          85                67    21.18%           0                 0         -
/root/.cargo/registry/src/github.com-1ecc6299db9ec823/numext-fixed-uint-core-0.1.6/src/lib.rs                        67                57    14.93%           1                 0   100.00%          32                 0   100.00%           0                 0         -
/root/.cargo/registry/src/github.com-1ecc6299db9ec823/once_cell-1.8.0/src/imp_std.rs                                 48                47     2.08%          11                10     9.09%         124               117     5.65%           0                 0         -
/root/.cargo/registry/src/github.com-1ecc6299db9ec823/once_cell-1.8.0/src/lib.rs                                    138               135     2.17%          57                56     1.75%         241               237     1.66%           0                 0         -
/root/.cargo/registry/src/github.com-1ecc6299db9ec823/once_cell-1.8.0/src/race.rs                                    75                75     0.00%          29                29     0.00%         142               142     0.00%           0                 0         -
/root/.cargo/registry/src/github.com-1ecc6299db9ec823/phf-0.8.0/src/lib.rs                                            4                 4     0.00%           1                 1     0.00%           5                 5     0.00%           0                 0         -
/root/.cargo/registry/src/github.com-1ecc6299db9ec823/phf-0.8.0/src/map.rs                                           18                18     0.00%          10                10     0.00%          40                40     0.00%           0                 0         -
/root/.cargo/registry/src/github.com-1ecc6299db9ec823/phf_shared-0.8.0/src/lib.rs                                     5                 5     0.00%           5                 5     0.00%          26                26     0.00%           0                 0         -
/root/.cargo/registry/src/github.com-1ecc6299db9ec823/plain-0.2.3/src/error.rs                                        3                 3     0.00%           2                 2     0.00%           2                 2     0.00%           0                 0         -
/root/.cargo/registry/src/github.com-1ecc6299db9ec823/plain-0.2.3/src/methods.rs                                     34                34     0.00%          12                12     0.00%          95                95     0.00%           0                 0         -
/root/.cargo/registry/src/github.com-1ecc6299db9ec823/plain-0.2.3/src/plain.rs                                        1                 1     0.00%           1                 1     0.00%           3                 3     0.00%           0                 0         -
/root/.cargo/registry/src/github.com-1ecc6299db9ec823/ppv-lite86-0.2.10/src/soft.rs                                  10                10     0.00%          10                10     0.00%          64                64     0.00%           0                 0         -
/root/.cargo/registry/src/github.com-1ecc6299db9ec823/ppv-lite86-0.2.10/src/types.rs                                  3                 3     0.00%           3                 3     0.00%          15                15     0.00%           0                 0         -
/root/.cargo/registry/src/github.com-1ecc6299db9ec823/ppv-lite86-0.2.10/src/x86_64/mod.rs                            50                50     0.00%          32                32     0.00%          88                88     0.00%           0                 0         -
/root/.cargo/registry/src/github.com-1ecc6299db9ec823/ppv-lite86-0.2.10/src/x86_64/sse2.rs                           53                53     0.00%          39                39     0.00%         214               214     0.00%           0                 0         -
/root/.cargo/registry/src/github.com-1ecc6299db9ec823/rand-0.7.3/src/distributions/bernoulli.rs                      24                24     0.00%           9                 9     0.00%          39                39     0.00%           0                 0         -
/root/.cargo/registry/src/github.com-1ecc6299db9ec823/rand-0.7.3/src/distributions/binomial.rs                       68                68     0.00%           7                 7     0.00%         190               190     0.00%           0                 0         -
/root/.cargo/registry/src/github.com-1ecc6299db9ec823/rand-0.7.3/src/distributions/cauchy.rs                          5                 5     0.00%           4                 4     0.00%          16                16     0.00%           0                 0         -
/root/.cargo/registry/src/github.com-1ecc6299db9ec823/rand-0.7.3/src/distributions/dirichlet.rs                      19                19     0.00%           5                 5     0.00%          31                31     0.00%           0                 0         -
/root/.cargo/registry/src/github.com-1ecc6299db9ec823/rand-0.7.3/src/distributions/exponential.rs                    10                10     0.00%           9                 9     0.00%          39                39     0.00%           0                 0         -
/root/.cargo/registry/src/github.com-1ecc6299db9ec823/rand-0.7.3/src/distributions/float.rs                           7                 7     0.00%           7                 7     0.00%          40                40     0.00%           0                 0         -
/root/.cargo/registry/src/github.com-1ecc6299db9ec823/rand-0.7.3/src/distributions/gamma.rs                          64                64     0.00%          31                31     0.00%         118               118     0.00%           0                 0         -
/root/.cargo/registry/src/github.com-1ecc6299db9ec823/rand-0.7.3/src/distributions/mod.rs                             7                 7     0.00%           7                 7     0.00%          26                26     0.00%           0                 0         -
/root/.cargo/registry/src/github.com-1ecc6299db9ec823/rand-0.7.3/src/distributions/normal.rs                         21                21     0.00%          13                13     0.00%          86                86     0.00%           0                 0         -
/root/.cargo/registry/src/github.com-1ecc6299db9ec823/rand-0.7.3/src/distributions/other.rs                          20                20     0.00%          10                10     0.00%          58                58     0.00%           0                 0         -
/root/.cargo/registry/src/github.com-1ecc6299db9ec823/rand-0.7.3/src/distributions/pareto.rs                          5                 5     0.00%           4                 4     0.00%          13                13     0.00%           0                 0         -
/root/.cargo/registry/src/github.com-1ecc6299db9ec823/rand-0.7.3/src/distributions/poisson.rs                        18                18     0.00%           4                 4     0.00%          52                52     0.00%           0                 0         -
/root/.cargo/registry/src/github.com-1ecc6299db9ec823/rand-0.7.3/src/distributions/triangular.rs                     10                10     0.00%           4                 4     0.00%          16                16     0.00%           0                 0         -
/root/.cargo/registry/src/github.com-1ecc6299db9ec823/rand-0.7.3/src/distributions/uniform.rs                       104               104     0.00%          29                29     0.00%         319               319     0.00%           0                 0         -
/root/.cargo/registry/src/github.com-1ecc6299db9ec823/rand-0.7.3/src/distributions/unit_circle.rs                     8                 8     0.00%           4                 4     0.00%          17                17     0.00%           0                 0         -
/root/.cargo/registry/src/github.com-1ecc6299db9ec823/rand-0.7.3/src/distributions/unit_sphere.rs                     7                 7     0.00%           4                 4     0.00%          17                17     0.00%           0                 0         -
/root/.cargo/registry/src/github.com-1ecc6299db9ec823/rand-0.7.3/src/distributions/utils.rs                          11                11     0.00%           5                 5     0.00%          36                36     0.00%           0                 0         -
/root/.cargo/registry/src/github.com-1ecc6299db9ec823/rand-0.7.3/src/distributions/weibull.rs                         5                 5     0.00%           4                 4     0.00%          13                13     0.00%           0                 0         -
/root/.cargo/registry/src/github.com-1ecc6299db9ec823/rand-0.7.3/src/distributions/weighted/alias_method.rs          72                72     0.00%          21                21     0.00%         153               153     0.00%           0                 0         -
/root/.cargo/registry/src/github.com-1ecc6299db9ec823/rand-0.7.3/src/distributions/weighted/mod.rs                   70                70     0.00%           8                 8     0.00%         125               125     0.00%           0                 0         -
/root/.cargo/registry/src/github.com-1ecc6299db9ec823/rand-0.7.3/src/lib.rs                                          32                32     0.00%          17                17     0.00%          87                87     0.00%           0                 0         -
/root/.cargo/registry/src/github.com-1ecc6299db9ec823/rand-0.7.3/src/rngs/adapter/read.rs                            16                16     0.00%          11                11     0.00%          36                36     0.00%           0                 0         -
/root/.cargo/registry/src/github.com-1ecc6299db9ec823/rand-0.7.3/src/rngs/adapter/reseeding.rs                       41                41     0.00%          20                20     0.00%         115               115     0.00%           0                 0         -
/root/.cargo/registry/src/github.com-1ecc6299db9ec823/rand-0.7.3/src/rngs/entropy.rs                                  7                 7     0.00%           7                 7     0.00%          19                19     0.00%           0                 0         -
/root/.cargo/registry/src/github.com-1ecc6299db9ec823/rand-0.7.3/src/rngs/mock.rs                                     7                 7     0.00%           7                 7     0.00%          23                23     0.00%           0                 0         -
/root/.cargo/registry/src/github.com-1ecc6299db9ec823/rand-0.7.3/src/rngs/small.rs                                    7                 7     0.00%           7                 7     0.00%          17                17     0.00%           0                 0         -
/root/.cargo/registry/src/github.com-1ecc6299db9ec823/rand-0.7.3/src/rngs/std.rs                                      5                 5     0.00%           5                 5     0.00%          11                11     0.00%           0                 0         -
/root/.cargo/registry/src/github.com-1ecc6299db9ec823/rand-0.7.3/src/rngs/thread.rs                                  11                11     0.00%          10                10     0.00%          24                24     0.00%           0                 0         -
/root/.cargo/registry/src/github.com-1ecc6299db9ec823/rand-0.7.3/src/seq/index.rs                                   137               137     0.00%          32                32     0.00%         181               181     0.00%           0                 0         -
/root/.cargo/registry/src/github.com-1ecc6299db9ec823/rand_chacha-0.2.2/src/chacha.rs                                27                27     0.00%          20                20     0.00%          91                91     0.00%           0                 0         -
/root/.cargo/registry/src/github.com-1ecc6299db9ec823/rand_chacha-0.2.2/src/guts.rs                                  36                36     0.00%          18                18     0.00%         162               162     0.00%           0                 0         -
/root/.cargo/registry/src/github.com-1ecc6299db9ec823/rand_core-0.5.1/src/block.rs                                   29                29     0.00%          10                10     0.00%          74                74     0.00%           0                 0         -
/root/.cargo/registry/src/github.com-1ecc6299db9ec823/rand_core-0.5.1/src/error.rs                                   28                28     0.00%          15                15     0.00%          79                79     0.00%           0                 0         -
/root/.cargo/registry/src/github.com-1ecc6299db9ec823/rand_core-0.5.1/src/impls.rs                                   22                22     0.00%           4                 4     0.00%          29                29     0.00%           0                 0         -
/root/.cargo/registry/src/github.com-1ecc6299db9ec823/rand_core-0.5.1/src/le.rs                                       6                 6     0.00%           2                 2     0.00%           6                 6     0.00%           0                 0         -
/root/.cargo/registry/src/github.com-1ecc6299db9ec823/rand_core-0.5.1/src/lib.rs                                     26                26     0.00%          12                12     0.00%          59                59     0.00%           0                 0         -
/root/.cargo/registry/src/github.com-1ecc6299db9ec823/rand_core-0.5.1/src/os.rs                                      14                14     0.00%           7                 7     0.00%          17                17     0.00%           0                 0         -
/root/.cargo/registry/src/github.com-1ecc6299db9ec823/rand_pcg-0.2.1/src/pcg128.rs                                   26                26     0.00%          20                20     0.00%          99                99     0.00%           0                 0         -
/root/.cargo/registry/src/github.com-1ecc6299db9ec823/rand_pcg-0.2.1/src/pcg64.rs                                    10                10     0.00%          10                10     0.00%          53                53     0.00%           0                 0         -
/root/.cargo/registry/src/github.com-1ecc6299db9ec823/ryu-1.0.5/src/buffer/mod.rs                                    26                26     0.00%          11                11     0.00%          65                65     0.00%           0                 0         -
/root/.cargo/registry/src/github.com-1ecc6299db9ec823/ryu-1.0.5/src/common.rs                                        21                21     0.00%           2                 2     0.00%          23                23     0.00%           0                 0         -
/root/.cargo/registry/src/github.com-1ecc6299db9ec823/ryu-1.0.5/src/d2s.rs                                           94                94     0.00%           2                 2     0.00%         234               234     0.00%           0                 0         -
/root/.cargo/registry/src/github.com-1ecc6299db9ec823/ryu-1.0.5/src/d2s_intrinsics.rs                                12                12     0.00%           7                 7     0.00%          42                42     0.00%           0                 0         -
/root/.cargo/registry/src/github.com-1ecc6299db9ec823/ryu-1.0.5/src/f2s.rs                                           56                56     0.00%           1                 1     0.00%         119               119     0.00%           0                 0         -
/root/.cargo/registry/src/github.com-1ecc6299db9ec823/ryu-1.0.5/src/f2s_intrinsics.rs                                19                19     0.00%           6                 6     0.00%          46                46     0.00%           0                 0         -
/root/.cargo/registry/src/github.com-1ecc6299db9ec823/ryu-1.0.5/src/pretty/exponent.rs                               18                18     0.00%           2                 2     0.00%          36                36     0.00%           0                 0         -
/root/.cargo/registry/src/github.com-1ecc6299db9ec823/ryu-1.0.5/src/pretty/mantissa.rs                               14                14     0.00%           2                 2     0.00%          44                44     0.00%           0                 0         -
/root/.cargo/registry/src/github.com-1ecc6299db9ec823/ryu-1.0.5/src/pretty/mod.rs                                    58                58     0.00%           2                 2     0.00%         116               116     0.00%           0                 0         -
/root/.cargo/registry/src/github.com-1ecc6299db9ec823/scroll-0.10.2/src/ctx.rs                                      128               120     6.25%          37                34     8.11%         213               194     8.92%           0                 0         -
/root/.cargo/registry/src/github.com-1ecc6299db9ec823/scroll-0.10.2/src/endian.rs                                    13                 9    30.77%           6                 4    33.33%          16                 9    43.75%           0                 0         -
/root/.cargo/registry/src/github.com-1ecc6299db9ec823/scroll-0.10.2/src/error.rs                                     22                22     0.00%           4                 4     0.00%          27                27     0.00%           0                 0         -
/root/.cargo/registry/src/github.com-1ecc6299db9ec823/scroll-0.10.2/src/greater.rs                                    2                 2     0.00%           2                 2     0.00%           6                 6     0.00%           0                 0         -
/root/.cargo/registry/src/github.com-1ecc6299db9ec823/scroll-0.10.2/src/leb128.rs                                    55                55     0.00%          17                17     0.00%          81                81     0.00%           0                 0         -
/root/.cargo/registry/src/github.com-1ecc6299db9ec823/scroll-0.10.2/src/pread.rs                                     28                10    64.29%           8                 1    87.50%          55                11    80.00%           0                 0         -
/root/.cargo/registry/src/github.com-1ecc6299db9ec823/scroll-0.10.2/src/pwrite.rs                                    10                10     0.00%           4                 4     0.00%          24                24     0.00%           0                 0         -
/root/.cargo/registry/src/github.com-1ecc6299db9ec823/secp256k1-0.19.0/src/context.rs                                25                25     0.00%          22                22     0.00%         107               107     0.00%           0                 0         -
/root/.cargo/registry/src/github.com-1ecc6299db9ec823/secp256k1-0.19.0/src/ecdh.rs                                   14                14     0.00%          11                11     0.00%          57                57     0.00%           0                 0         -
/root/.cargo/registry/src/github.com-1ecc6299db9ec823/secp256k1-0.19.0/src/key.rs                                    80                80     0.00%          25                25     0.00%         174               174     0.00%           0                 0         -
/root/.cargo/registry/src/github.com-1ecc6299db9ec823/secp256k1-0.19.0/src/lib.rs                                   105               105     0.00%          42                42     0.00%         229               229     0.00%           0                 0         -
/root/.cargo/registry/src/github.com-1ecc6299db9ec823/secp256k1-0.19.0/src/macros.rs                                  9                 9     0.00%           2                 2     0.00%          13                13     0.00%           0                 0         -
/root/.cargo/registry/src/github.com-1ecc6299db9ec823/secp256k1-0.19.0/src/recovery.rs                               30                30     0.00%          17                17     0.00%          98                98     0.00%           0                 0         -
/root/.cargo/registry/src/github.com-1ecc6299db9ec823/secp256k1-sys-0.3.0/src/lib.rs                                 29                29     0.00%          18                18     0.00%          72                72     0.00%           0                 0         -
/root/.cargo/registry/src/github.com-1ecc6299db9ec823/secp256k1-sys-0.3.0/src/macros.rs                              29                29     0.00%          17                17     0.00%          62                62     0.00%           0                 0         -
/root/.cargo/registry/src/github.com-1ecc6299db9ec823/secp256k1-sys-0.3.0/src/recovery.rs                             3                 3     0.00%           3                 3     0.00%           5                 5     0.00%           0                 0         -
/root/.cargo/registry/src/github.com-1ecc6299db9ec823/secp256k1-sys-0.3.0/src/types.rs                                1                 1     0.00%           1                 1     0.00%           3                 3     0.00%           0                 0         -
/root/.cargo/registry/src/github.com-1ecc6299db9ec823/serde-1.0.127/src/de/ignored_any.rs                            33                33     0.00%          20                20     0.00%          92                92     0.00%           0                 0         -
/root/.cargo/registry/src/github.com-1ecc6299db9ec823/serde-1.0.127/src/de/impls.rs                                 521               521     0.00%         173               173     0.00%        1976              1976     0.00%           0                 0         -
/root/.cargo/registry/src/github.com-1ecc6299db9ec823/serde-1.0.127/src/de/mod.rs                                   111               111     0.00%          65                65     0.00%         404               404     0.00%           0                 0         -
/root/.cargo/registry/src/github.com-1ecc6299db9ec823/serde-1.0.127/src/de/utf8.rs                                   11                11     0.00%           2                 2     0.00%          25                25     0.00%           0                 0         -
/root/.cargo/registry/src/github.com-1ecc6299db9ec823/serde-1.0.127/src/de/value.rs                                 180               180     0.00%         105               105     0.00%         660               660     0.00%           0                 0         -
/root/.cargo/registry/src/github.com-1ecc6299db9ec823/serde-1.0.127/src/macros.rs                                     1                 1     0.00%           1                 1     0.00%           9                 9     0.00%           0                 0         -
/root/.cargo/registry/src/github.com-1ecc6299db9ec823/serde-1.0.127/src/private/de.rs                               695               695     0.00%         229               229     0.00%        2038              2038     0.00%           0                 0         -
/root/.cargo/registry/src/github.com-1ecc6299db9ec823/serde-1.0.127/src/private/doc.rs                                4                 4     0.00%           4                 4     0.00%          13                13     0.00%           0                 0         -
/root/.cargo/registry/src/github.com-1ecc6299db9ec823/serde-1.0.127/src/private/mod.rs                                1                 1     0.00%           1                 1     0.00%           3                 3     0.00%           0                 0         -
/root/.cargo/registry/src/github.com-1ecc6299db9ec823/serde-1.0.127/src/private/ser.rs                              299               299     0.00%         123               123     0.00%         784               784     0.00%           0                 0         -
/root/.cargo/registry/src/github.com-1ecc6299db9ec823/serde-1.0.127/src/private/size_hint.rs                          8                 8     0.00%           3                 3     0.00%          13                13     0.00%           0                 0         -
/root/.cargo/registry/src/github.com-1ecc6299db9ec823/serde-1.0.127/src/ser/fmt.rs                                   17                17     0.00%          17                17     0.00%          94                94     0.00%           0                 0         -
/root/.cargo/registry/src/github.com-1ecc6299db9ec823/serde-1.0.127/src/ser/impls.rs                                144               144     0.00%          42                42     0.00%         330               330     0.00%           0                 0         -
/root/.cargo/registry/src/github.com-1ecc6299db9ec823/serde-1.0.127/src/ser/mod.rs                                   29                29     0.00%          10                10     0.00%          64                64     0.00%           0                 0         -
/root/.cargo/registry/src/github.com-1ecc6299db9ec823/serde_json-1.0.66/src/de.rs                                   660               660     0.00%          90                90     0.00%        1028              1028     0.00%           0                 0         -
/root/.cargo/registry/src/github.com-1ecc6299db9ec823/serde_json-1.0.66/src/error.rs                                 94                94     0.00%          22                22     0.00%         157               157     0.00%           0                 0         -
/root/.cargo/registry/src/github.com-1ecc6299db9ec823/serde_json-1.0.66/src/map.rs                                   77                77     0.00%          50                50     0.00%         333               333     0.00%           0                 0         -
/root/.cargo/registry/src/github.com-1ecc6299db9ec823/serde_json-1.0.66/src/number.rs                                83                83     0.00%          25                25     0.00%         208               208     0.00%           0                 0         -
/root/.cargo/registry/src/github.com-1ecc6299db9ec823/serde_json-1.0.66/src/read.rs                                 198               198     0.00%          60                60     0.00%         401               401     0.00%           0                 0         -
/root/.cargo/registry/src/github.com-1ecc6299db9ec823/serde_json-1.0.66/src/ser.rs                                  373               373     0.00%         136               136     0.00%        1232              1232     0.00%           0                 0         -
/root/.cargo/registry/src/github.com-1ecc6299db9ec823/serde_json-1.0.66/src/value/de.rs                             346               346     0.00%         108               108     0.00%        1047              1047     0.00%           0                 0         -
/root/.cargo/registry/src/github.com-1ecc6299db9ec823/serde_json-1.0.66/src/value/from.rs                            16                16     0.00%          15                15     0.00%          47                47     0.00%           0                 0         -
/root/.cargo/registry/src/github.com-1ecc6299db9ec823/serde_json-1.0.66/src/value/index.rs                           45                45     0.00%          16                16     0.00%          75                75     0.00%           0                 0         -
/root/.cargo/registry/src/github.com-1ecc6299db9ec823/serde_json-1.0.66/src/value/mod.rs                            134               134     0.00%          41                41     0.00%         220               220     0.00%           0                 0         -
/root/.cargo/registry/src/github.com-1ecc6299db9ec823/serde_json-1.0.66/src/value/partial_eq.rs                      25                25     0.00%          20                20     0.00%          50                50     0.00%           0                 0         -
/root/.cargo/registry/src/github.com-1ecc6299db9ec823/serde_json-1.0.66/src/value/ser.rs                            102               102     0.00%          76                76     0.00%         429               429     0.00%           0                 0         -
/root/.cargo/registry/src/github.com-1ecc6299db9ec823/siphasher-0.3.6/src/sip128.rs                                  41                41     0.00%          10                10     0.00%         117               117     0.00%           0                 0         -
/root/.cargo/registry/src/github.com-1ecc6299db9ec823/thiserror-1.0.26/src/aserror.rs                                 1                 1     0.00%           1                 1     0.00%           3                 3     0.00%           0                 0         -
[...]
/srcraw/ckb/script/src/verify_env.rs                                                                                 24                18    25.00%          10                 8    20.00%          55                41    25.45%           0                 0         -
/srcraw/ckb/spec/src/consensus.rs                                                                                   150               129    14.00%          83                72    13.25%         594               421    29.12%           0                 0         -
/srcraw/ckb/spec/src/error.rs                                                                                         1                 1     0.00%           1                 1     0.00%           3                 3     0.00%           0                 0         -
/srcraw/ckb/spec/src/hardfork.rs                                                                                     25                25     0.00%           8                 8     0.00%          40                40     0.00%           0                 0         -
/srcraw/ckb/spec/src/lib.rs                                                                                         300               297     1.00%          96                95     1.04%         592               586     1.01%           0                 0         -
/srcraw/ckb/traits/src/cell_data_provider.rs                                                                          6                 2    66.67%           4                 2    50.00%          14                 2    85.71%           0                 0         -
/srcraw/ckb/traits/src/header_provider.rs                                                                             8                 8     0.00%           2                 2     0.00%          22                22     0.00%           0                 0         -
/srcraw/ckb/util/crypto/src/secp/error.rs                                                                             7                 7     0.00%           1                 1     0.00%           8                 8     0.00%           0                 0         -
/srcraw/ckb/util/crypto/src/secp/generator.rs                                                                        15                15     0.00%           9                 9     0.00%          37                37     0.00%           0                 0         -
/srcraw/ckb/util/crypto/src/secp/privkey.rs                                                                          36                36     0.00%          13                13     0.00%          52                52     0.00%           0                 0         -
/srcraw/ckb/util/crypto/src/secp/pubkey.rs                                                                           29                29     0.00%          12                12     0.00%          52                52     0.00%           0                 0         -
/srcraw/ckb/util/crypto/src/secp/signature.rs                                                                        53                53     0.00%          18                18     0.00%          92                92     0.00%           0                 0         -
/srcraw/ckb/util/dao/utils/src/error.rs                                                                               1                 1     0.00%           1                 1     0.00%           3                 3     0.00%           0                 0         -
/srcraw/ckb/util/dao/utils/src/lib.rs                                                                                57                11    80.70%          14                 2    85.71%          94                20    78.72%           0                 0         -
/srcraw/ckb/util/fixed-hash/core/src/error.rs                                                                         6                 6     0.00%           4                 4     0.00%           4                 4     0.00%           0                 0         -
/srcraw/ckb/util/fixed-hash/core/src/impls.rs                                                                         5                 4    20.00%           2                 1    50.00%          10                 7    30.00%           0                 0         -
/srcraw/ckb/util/fixed-hash/core/src/lib.rs                                                                           4                 4     0.00%           4                 4     0.00%           4                 4     0.00%           0                 0         -
/srcraw/ckb/util/fixed-hash/core/src/serde.rs                                                                        20                20     0.00%           9                 9     0.00%         104               104     0.00%           0                 0         -
/srcraw/ckb/util/fixed-hash/core/src/std_cmp.rs                                                                       3                 3     0.00%           3                 3     0.00%           9                 9     0.00%           0                 0         -
/srcraw/ckb/util/fixed-hash/core/src/std_convert.rs                                                                   4                 4     0.00%           4                 4     0.00%          12                12     0.00%           0                 0         -
/srcraw/ckb/util/fixed-hash/core/src/std_default.rs                                                                   1                 1     0.00%           1                 1     0.00%           3                 3     0.00%           0                 0         -
/srcraw/ckb/util/fixed-hash/core/src/std_fmt.rs                                                                      40                40     0.00%           3                 3     0.00%          32                32     0.00%           0                 0         -
/srcraw/ckb/util/fixed-hash/core/src/std_hash.rs                                                                      1                 1     0.00%           1                 1     0.00%           3                 3     0.00%           0                 0         -
/srcraw/ckb/util/fixed-hash/core/src/std_str.rs                                                                      36                36     0.00%           2                 2     0.00%          48                48     0.00%           0                 0         -
/srcraw/ckb/util/hash/src/lib.rs                                                                                      6                 1    83.33%           3                 0   100.00%          18                 1    94.44%           0                 0         -
/srcraw/ckb/util/jsonrpc-types/src/alert.rs                                                                          35                35     0.00%          17                17     0.00%          69                69     0.00%           0                 0         -
/srcraw/ckb/util/jsonrpc-types/src/block_template.rs                                                                 82                82     0.00%          33                33     0.00%         118               118     0.00%           0                 0         -
/srcraw/ckb/util/jsonrpc-types/src/blockchain.rs                                                                    425               425     0.00%         211               211     0.00%         635               635     0.00%           0                 0         -
/srcraw/ckb/util/jsonrpc-types/src/bytes.rs                                                                          35                35     0.00%          20                20     0.00%          78                78     0.00%           0                 0         -
/srcraw/ckb/util/jsonrpc-types/src/cell.rs                                                                           33                33     0.00%          13                13     0.00%          37                37     0.00%           0                 0         -
/srcraw/ckb/util/jsonrpc-types/src/chain_info.rs                                                                     11                11     0.00%           3                 3     0.00%           3                 3     0.00%           0                 0         -
/srcraw/ckb/util/jsonrpc-types/src/debug.rs                                                                          19                19     0.00%          10                10     0.00%          10                10     0.00%           0                 0         -
/srcraw/ckb/util/jsonrpc-types/src/experiment.rs                                                                     10                10     0.00%           7                 7     0.00%           7                 7     0.00%           0                 0         -
/srcraw/ckb/util/jsonrpc-types/src/fee_rate.rs                                                                        9                 9     0.00%           7                 7     0.00%           7                 7     0.00%           0                 0         -
/srcraw/ckb/util/jsonrpc-types/src/fixed_bytes.rs                                                                    27                27     0.00%          15                15     0.00%          56                56     0.00%           0                 0         -
/srcraw/ckb/util/jsonrpc-types/src/net.rs                                                                           110               110     0.00%          50                50     0.00%          50                50     0.00%           0                 0         -
/srcraw/ckb/util/jsonrpc-types/src/pool.rs                                                                          106               106     0.00%          48                48     0.00%          95                95     0.00%           0                 0         -
/srcraw/ckb/util/jsonrpc-types/src/primitive.rs                                                                       3                 3     0.00%           3                 3     0.00%          12                12     0.00%           0                 0         -
/srcraw/ckb/util/jsonrpc-types/src/proposal_short_id.rs                                                              28                28     0.00%          16                16     0.00%          57                57     0.00%           0                 0         -
/srcraw/ckb/util/jsonrpc-types/src/subscription.rs                                                                    6                 6     0.00%           4                 4     0.00%           4                 4     0.00%           0                 0         -
/srcraw/ckb/util/jsonrpc-types/src/uints.rs                                                                          40                40     0.00%          24                24     0.00%          94                94     0.00%           0                 0         -
/srcraw/ckb/util/occupied-capacity/core/src/units.rs                                                                 48                40    16.67%          38                30    21.05%          96                70    27.08%           0                 0         -
/srcraw/ckb/util/rational/src/lib.rs                                                                                 73                72     1.37%          50                49     2.00%         195               192     1.54%           0                 0         -
/srcraw/ckb/util/types/src/conversion/blockchain.rs                                                                  18                11    38.89%          18                11    38.89%          55                30    45.45%           0                 0         -
/srcraw/ckb/util/types/src/conversion/primitive.rs                                                                   36                29    19.44%          27                20    25.93%          93                65    30.11%           0                 0         -
/srcraw/ckb/util/types/src/conversion/storage.rs                                                                     12                11     8.33%          12                11     8.33%          99                91     8.08%           0                 0         -
/srcraw/ckb/util/types/src/conversion/utilities.rs                                                                   18                16    11.11%           7                 5    28.57%          25                19    24.00%           0                 0         -
/srcraw/ckb/util/types/src/core/advanced_builders.rs                                                                 61                34    44.26%          38                25    34.21%         333               143    57.06%           0                 0         -
/srcraw/ckb/util/types/src/core/blockchain.rs                                                                        28                20    28.57%          15                11    26.67%          47                32    31.91%           0                 0         -
/srcraw/ckb/util/types/src/core/cell.rs                                                                             285               281     1.40%          81                77     4.94%         673               641     4.75%           0                 0         -
/srcraw/ckb/util/types/src/core/error.rs                                                                              5                 5     0.00%           2                 2     0.00%           6                 6     0.00%           0                 0         -
/srcraw/ckb/util/types/src/core/extras.rs                                                                           119                85    28.57%          69                42    39.13%         261               154    41.00%           0                 0         -
/srcraw/ckb/util/types/src/core/fee_rate.rs                                                                          15                15     0.00%          11                11     0.00%          27                27     0.00%           0                 0         -
/srcraw/ckb/util/types/src/core/hardfork.rs                                                                          39                15    61.54%          23                14    39.13%          83                24    71.08%           0                 0         -
/srcraw/ckb/util/types/src/core/reward.rs                                                                            11                11     0.00%          10                10     0.00%          17                17     0.00%           0                 0         -
/srcraw/ckb/util/types/src/core/service.rs                                                                            4                 4     0.00%           4                 4     0.00%          11                11     0.00%           0                 0         -
/srcraw/ckb/util/types/src/core/transaction_meta.rs                                                                  29                29     0.00%          23                23     0.00%         113               113     0.00%           0                 0         -
/srcraw/ckb/util/types/src/core/tx_pool.rs                                                                           21                21     0.00%           8                 8     0.00%          27                27     0.00%           0                 0         -
/srcraw/ckb/util/types/src/core/views.rs                                                                            139               112    19.42%         109                88    19.27%         460               372    19.13%           0                 0         -
/srcraw/ckb/util/types/src/extension/calc_hash.rs                                                                    49                31    36.73%          29                18    37.93%         106                69    34.91%           0                 0         -
/srcraw/ckb/util/types/src/extension/capacity.rs                                                                     31                19    38.71%          18                11    38.89%          62                40    35.48%           0                 0         -
/srcraw/ckb/util/types/src/extension/check_data.rs                                                                   30                30     0.00%          20                20     0.00%          54                54     0.00%           0                 0         -
/srcraw/ckb/util/types/src/extension/serialized_size.rs                                                               5                 5     0.00%           4                 4     0.00%          16                16     0.00%           0                 0         -
/srcraw/ckb/util/types/src/extension/shortcuts.rs                                                                    97                90     7.22%          47                40    14.89%         281               248    11.74%           0                 0         -
/srcraw/ckb/util/types/src/extension/std_traits.rs                                                                    4                 2    50.00%           4                 2    50.00%          12                 6    50.00%           0                 0         -
/srcraw/ckb/util/types/src/generated/blockchain.rs                                                                 3830              3302    13.79%        1679              1356    19.24%        7245              5864    19.06%           0                 0         -
/srcraw/ckb/util/types/src/generated/extensions.rs                                                                 6084              6042     0.69%        2265              2232     1.46%       10477             10363     1.09%           0                 0         -
/srcraw/ckb/util/types/src/generated/protocols.rs                                                                  1842              1842     0.00%         687               687     0.00%        3041              3041     0.00%           0                 0         -
/srcraw/ckb/util/types/src/prelude.rs                                                                                10                 8    20.00%           5                 4    20.00%          17                14    17.65%           0                 0         -
/srcraw/ckb/util/types/src/utilities/difficulty.rs                                                                   28                15    46.43%           7                 4    42.86%          50                26    48.00%           0                 0         -
/srcraw/ckb/util/types/src/utilities/merkle_tree.rs                                                                   2                 0   100.00%           2                 0   100.00%          12                 0   100.00%           0                 0         -
fuzz_targets/syscall_exec.rs                                                                                         17                 7    58.82%          11                 7    36.36%         106                13    87.74%           0                 0         -
---------------------------------------------------------------------------------------------------------------------------------------------------------------------------------------------------------------------------------------------------------------------------------------------------------------------
TOTAL                                                                                                             41673             39785     4.53%       13712             12867     6.16%       80507             75370     6.38%           0                 0         -
